0 info it worked if it ends with ok
1 verbose cli [ '/home/kurento-samples/.nvm/versions/node/v4.2.0/bin/node',
1 verbose cli   '/home/kurento-samples/.nvm/versions/node/v4.2.0/bin/npm',
1 verbose cli   'start' ]
2 info using npm@2.14.7
3 info using node@v4.2.0
4 verbose run-script [ 'prestart', 'start', 'poststart' ]
5 info prestart kurento-magic-mirror@6.6.1-dev
6 info start kurento-magic-mirror@6.6.1-dev
7 verbose unsafe-perm in lifecycle true
8 info kurento-magic-mirror@6.6.1-dev Failed to exec start script
9 verbose stack Error: kurento-magic-mirror@6.6.1-dev start: `node server.js`
9 verbose stack Exit status 1
9 verbose stack     at EventEmitter.<anonymous> (/home/kurento-samples/.nvm/versions/node/v4.2.0/lib/node_modules/npm/lib/utils/lifecycle.js:214:16)
9 verbose stack     at emitTwo (events.js:87:13)
9 verbose stack     at EventEmitter.emit (events.js:172:7)
9 verbose stack     at ChildProcess.<anonymous> (/home/kurento-samples/.nvm/versions/node/v4.2.0/lib/node_modules/npm/lib/utils/spawn.js:24:14)
9 verbose stack     at emitTwo (events.js:87:13)
9 verbose stack     at ChildProcess.emit (events.js:172:7)
9 verbose stack     at maybeClose (internal/child_process.js:818:16)
9 verbose stack     at Process.ChildProcess._handle.onexit (internal/child_process.js:211:5)
10 verbose pkgid kurento-magic-mirror@6.6.1-dev
11 verbose cwd /home/kurento-samples/kurento-record
12 error Linux 4.4.0-34-generic
13 error argv "/home/kurento-samples/.nvm/versions/node/v4.2.0/bin/node" "/home/kurento-samples/.nvm/versions/node/v4.2.0/bin/npm" "start"
14 error node v4.2.0
15 error npm  v2.14.7
16 error code ELIFECYCLE
17 error kurento-magic-mirror@6.6.1-dev start: `node server.js`
17 error Exit status 1
18 error Failed at the kurento-magic-mirror@6.6.1-dev start script 'node server.js'.
18 error This is most likely a problem with the kurento-magic-mirror package,
18 error not with npm itself.
18 error Tell the author that this fails on your system:
18 error     node server.js
18 error You can get their info via:
18 error     npm owner ls kurento-magic-mirror
18 error There is likely additional logging output above.
19 verbose exit [ 1, true ]
